Autotest: Begin at 2019年 03月 25日 星期一 14:49:04 CST
Begin build at 2019年 03月 25日 星期一 14:49:11 CST
Cleanning the project.................

for d in boot drivers init lib ;	\
	do					\
		make --directory=$d clean; \
	done; \
rm -rf *.o *~ gxemul/vmlinux
make[1]: Entering directory '/usr/src/workdir/boot'
rm -rf *~ *.o
make[1]: Leaving directory '/usr/src/workdir/boot'
make[1]: Entering directory '/usr/src/workdir/drivers'
for d in gxconsole; \
	do				\
		make --directory=$d clean; \
	done
make[2]: Entering directory '/usr/src/workdir/drivers/gxconsole'
rm -rf *.o *~
make[2]: Leaving directory '/usr/src/workdir/drivers/gxconsole'
make[1]: Leaving directory '/usr/src/workdir/drivers'
make[1]: Entering directory '/usr/src/workdir/init'
rm -rf *~ *.o
make[1]: Leaving directory '/usr/src/workdir/init'
make[1]: Entering directory '/usr/src/workdir/lib'
rm -rf *~ *.o
make[1]: Leaving directory '/usr/src/workdir/lib'

Building the project..................

make --directory=boot
make[1]: Entering directory '/usr/src/workdir/boot'
/OSLAB/compiler/usr/bin/mips_4KC-gcc -O -G 0 -mno-abicalls -fno-builtin -Wa,-xgot -Wall -fPIC -I../include/ -c start.S 
make[1]: Leaving directory '/usr/src/workdir/boot'
make --directory=drivers
make[1]: Entering directory '/usr/src/workdir/drivers'
make --directory=gxconsole
make[2]: Entering directory '/usr/src/workdir/drivers/gxconsole'
/OSLAB/compiler/usr/bin/mips_4KC-gcc -O -G 0 -mno-abicalls -fno-builtin -Wa,-xgot -Wall -fPIC   -c -o console.o console.c
make[2]: Leaving directory '/usr/src/workdir/drivers/gxconsole'
make[1]: Leaving directory '/usr/src/workdir/drivers'
make --directory=init
make[1]: Entering directory '/usr/src/workdir/init'
/OSLAB/compiler/usr/bin/mips_4KC-gcc -DFTEST=exerciseTest -O -G 0 -mno-abicalls -fno-builtin -Wa,-xgot -Wall -fPIC -I../include -c init.c
init.c: In function 'mips_init':
init.c:17: warning: implicit declaration of function 'exerciseTest'
/OSLAB/compiler/usr/bin/mips_4KC-gcc -DFTEST=exerciseTest -O -G 0 -mno-abicalls -fno-builtin -Wa,-xgot -Wall -fPIC -I../include -c main.c
make[1]: Leaving directory '/usr/src/workdir/init'
make --directory=lib
make[1]: Entering directory '/usr/src/workdir/lib'
/OSLAB/compiler/usr/bin/mips_4KC-gcc -O -G 0 -mno-abicalls -fno-builtin -Wa,-xgot -Wall -fPIC -I./ -I../ -I../include/ -c print.c
/OSLAB/compiler/usr/bin/mips_4KC-gcc -O -G 0 -mno-abicalls -fno-builtin -Wa,-xgot -Wall -fPIC -I./ -I../ -I../include/ -c printf.c
make[1]: Leaving directory '/usr/src/workdir/lib'
make --directory=/usr/src/testdir12691
make[1]: Entering directory '/usr/src/testdir12691'
make[1]: Nothing to be done for 'all'.
make[1]: Leaving directory '/usr/src/testdir12691'
/OSLAB/compiler/usr/bin/mips_4KC-ld -o gxemul/vmlinux -N -T tools/scse0_3.lds boot/start.o init/main.o init/init.o drivers/gxconsole/console.o lib/*.o /usr/src/testdir12691/*.o

End build at 2019年 03月 25日 星期一 14:49:19 CST
[35m[ PASSED:22 ][0m
[35m[ TOTAL:22 ][0m
[32m[ You have passed all testcases of exercise printf. ][0m
Begin build at 2019年 03月 25日 星期一 14:49:31 CST
Cleanning the project.................

for d in boot drivers init lib ;	\
	do					\
		make --directory=$d clean; \
	done; \
rm -rf *.o *~ gxemul/vmlinux
make[1]: Entering directory '/usr/src/workdir/boot'
rm -rf *~ *.o
make[1]: Leaving directory '/usr/src/workdir/boot'
make[1]: Entering directory '/usr/src/workdir/drivers'
for d in gxconsole; \
	do				\
		make --directory=$d clean; \
	done
make[2]: Entering directory '/usr/src/workdir/drivers/gxconsole'
rm -rf *.o *~
make[2]: Leaving directory '/usr/src/workdir/drivers/gxconsole'
make[1]: Leaving directory '/usr/src/workdir/drivers'
make[1]: Entering directory '/usr/src/workdir/init'
rm -rf *~ *.o
make[1]: Leaving directory '/usr/src/workdir/init'
make[1]: Entering directory '/usr/src/workdir/lib'
rm -rf *~ *.o
make[1]: Leaving directory '/usr/src/workdir/lib'

Building the project..................

make --directory=boot
make[1]: Entering directory '/usr/src/workdir/boot'
/OSLAB/compiler/usr/bin/mips_4KC-gcc -O -G 0 -mno-abicalls -fno-builtin -Wa,-xgot -Wall -fPIC -I../include/ -c start.S 
make[1]: Leaving directory '/usr/src/workdir/boot'
make --directory=drivers
make[1]: Entering directory '/usr/src/workdir/drivers'
make --directory=gxconsole
make[2]: Entering directory '/usr/src/workdir/drivers/gxconsole'
/OSLAB/compiler/usr/bin/mips_4KC-gcc -O -G 0 -mno-abicalls -fno-builtin -Wa,-xgot -Wall -fPIC   -c -o console.o console.c
make[2]: Leaving directory '/usr/src/workdir/drivers/gxconsole'
make[1]: Leaving directory '/usr/src/workdir/drivers'
make --directory=init
make[1]: Entering directory '/usr/src/workdir/init'
/OSLAB/compiler/usr/bin/mips_4KC-gcc -DFTEST=examTest -O -G 0 -mno-abicalls -fno-builtin -Wa,-xgot -Wall -fPIC -I../include -c init.c
init.c: In function 'mips_init':
init.c:17: warning: implicit declaration of function 'examTest'
/OSLAB/compiler/usr/bin/mips_4KC-gcc -DFTEST=examTest -O -G 0 -mno-abicalls -fno-builtin -Wa,-xgot -Wall -fPIC -I../include -c main.c
make[1]: Leaving directory '/usr/src/workdir/init'
make --directory=lib
make[1]: Entering directory '/usr/src/workdir/lib'
/OSLAB/compiler/usr/bin/mips_4KC-gcc -O -G 0 -mno-abicalls -fno-builtin -Wa,-xgot -Wall -fPIC -I./ -I../ -I../include/ -c print.c
/OSLAB/compiler/usr/bin/mips_4KC-gcc -O -G 0 -mno-abicalls -fno-builtin -Wa,-xgot -Wall -fPIC -I./ -I../ -I../include/ -c printf.c
make[1]: Leaving directory '/usr/src/workdir/lib'
make --directory=/usr/src/testdir8853
make[1]: Entering directory '/usr/src/testdir8853'
make[1]: Nothing to be done for 'all'.
make[1]: Leaving directory '/usr/src/testdir8853'
/OSLAB/compiler/usr/bin/mips_4KC-ld -o gxemul/vmlinux -N -T tools/scse0_3.lds boot/start.o init/main.o init/init.o drivers/gxconsole/console.o lib/*.o /usr/src/testdir8853/*.o

End build at 2019年 03月 25日 星期一 14:49:37 CST
[35m[ PASSED:5 ][0m
[35m[ TOTAL:15 ][0m
[31m[01m[ Sorry, you haven't passed all testcases of exam printf. ][0m
[33m[01m[ You got 59 (of 100) this time. 2019年 03月 25日 星期一 14:49:48 CST ][0m
